2022-09-08 03:35:12,685 INFO     Reading X_train.pkl...
2022-09-08 03:35:15,816 INFO     Reading y_train.pkl...
2022-09-08 03:35:15,901 INFO     Reading X_val.pkl...
2022-09-08 03:35:16,396 INFO     Reading y_val.pkl...
2022-09-08 03:35:16,409 INFO     Reading X_test.pkl...
2022-09-08 03:35:16,889 INFO     Reading df_items.pkl...
2022-09-08 03:35:16,926 INFO     Reading df_2017.pkl...
2022-09-08 03:35:19,176 INFO     Training models...
2022-09-08 03:35:19,176 INFO     Setting Params
2022-09-08 03:35:19,176 INFO     ==================================================
2022-09-08 03:35:19,176 INFO     Step 1
2022-09-08 03:35:19,177 INFO     ==================================================
2022-09-08 03:35:46,206 INFO     Reading X_train.pkl...
2022-09-08 03:36:22,306 INFO     Reading y_train.pkl...
2022-09-08 03:36:23,285 INFO     Reading X_val.pkl...
2022-09-08 03:36:29,445 INFO     Reading y_val.pkl...
2022-09-08 03:36:29,604 INFO     Reading X_test.pkl...
2022-09-08 03:36:35,763 INFO     Reading df_items.pkl...
2022-09-08 03:36:35,797 INFO     Reading df_2017.pkl...
2022-09-08 03:36:38,959 INFO     Training models...
2022-09-08 03:36:38,959 INFO     Setting Params
2022-09-08 03:36:38,959 INFO     ==================================================
2022-09-08 03:36:38,959 INFO     Step 1
2022-09-08 03:36:38,959 INFO     ==================================================
